[2020-01-19T09:37:36.126] [DEBUG] cheese - login => username:zs,password:123456
[2020-01-19T09:37:36.129] [DEBUG] cheese - zs
[2020-01-19T09:37:36.144] [DEBUG] cheese - null
[2020-01-19T09:37:36.144] [DEBUG] cheese - null
[2020-01-19T09:37:45.423] [DEBUG] cheese - login => username:admin,password:123456
[2020-01-19T09:37:45.423] [DEBUG] cheese - admin
[2020-01-19T09:37:45.432] [DEBUG] cheese - null
[2020-01-19T09:37:45.432] [DEBUG] cheese - null
[2020-01-19T14:58:49.600] [DEBUG] cheese - login => username:admin,password:123456
[2020-01-19T14:58:49.602] [DEBUG] cheese - admin
[2020-01-19T14:58:49.617] [DEBUG] cheese - null
[2020-01-19T14:58:49.618] [DEBUG] cheese - null
[2020-01-19T14:59:44.235] [DEBUG] cheese - login => username:admin,password:123456
[2020-01-19T14:59:44.235] [DEBUG] cheese - admin
[2020-01-19T14:59:44.238] [DEBUG] cheese - null
[2020-01-19T14:59:44.239] [DEBUG] cheese - null
[2020-01-19T15:17:42.569] [DEBUG] cheese - login => username:admin,password:123456
[2020-01-19T15:17:42.570] [DEBUG] cheese - admin
[2020-01-19T15:17:42.574] [DEBUG] cheese - null
[2020-01-19T15:17:42.574] [DEBUG] cheese - null
[2020-01-19T15:18:22.727] [DEBUG] cheese - login => username:admin,password:123456
[2020-01-19T15:18:22.727] [DEBUG] cheese - admin
[2020-01-19T15:18:22.729] [DEBUG] cheese - null
[2020-01-19T15:18:22.729] [DEBUG] cheese - null
[2020-01-19T15:18:26.210] [DEBUG] cheese - login => username:admin,password:123456
[2020-01-19T15:18:26.210] [DEBUG] cheese - admin
[2020-01-19T15:18:26.213] [DEBUG] cheese - null
[2020-01-19T15:18:26.213] [DEBUG] cheese - null
[2020-01-19T15:18:28.096] [DEBUG] cheese - login => username:admina,password:123456
[2020-01-19T15:18:28.096] [DEBUG] cheese - admina
[2020-01-19T15:18:28.098] [DEBUG] cheese - null
[2020-01-19T15:18:28.098] [DEBUG] cheese - null
[2020-01-19T15:25:07.169] [DEBUG] cheese - login => username:admin,password:123456
[2020-01-19T15:25:07.170] [DEBUG] cheese - admin
[2020-01-19T15:25:07.172] [DEBUG] cheese - null
[2020-01-19T15:25:07.173] [DEBUG] cheese - null
[2020-01-19T15:26:31.579] [DEBUG] cheese - login => username:admin,password:123456d
[2020-01-19T15:26:31.579] [DEBUG] cheese - admin
[2020-01-19T15:26:31.581] [DEBUG] cheese - null
[2020-01-19T15:26:31.581] [DEBUG] cheese - null
[2020-01-19T15:26:34.835] [DEBUG] cheese - login => username:admin,password:123456d
[2020-01-19T15:26:34.835] [DEBUG] cheese - admin
[2020-01-19T15:26:34.836] [DEBUG] cheese - null
[2020-01-19T15:26:34.837] [DEBUG] cheese - null
[2020-01-19T15:26:35.293] [DEBUG] cheese - login => username:admin,password:123456d
[2020-01-19T15:26:35.293] [DEBUG] cheese - admin
[2020-01-19T15:26:35.296] [DEBUG] cheese - null
[2020-01-19T15:26:35.296] [DEBUG] cheese - null
[2020-01-19T15:26:40.302] [DEBUG] cheese - login => username:admin,password:123456
[2020-01-19T15:26:40.302] [DEBUG] cheese - admin
[2020-01-19T15:26:40.304] [DEBUG] cheese - null
[2020-01-19T15:26:40.304] [DEBUG] cheese - null
[2020-01-19T15:28:41.289] [DEBUG] cheese - login => username:admin,password:123456
[2020-01-19T15:28:41.289] [DEBUG] cheese - admin
[2020-01-19T15:28:41.291] [DEBUG] cheese - null
[2020-01-19T15:28:41.291] [DEBUG] cheese - null
[2020-01-19T15:29:36.110] [DEBUG] cheese - login => username:admin,password:123456
[2020-01-19T15:29:36.110] [DEBUG] cheese - admin
[2020-01-19T15:29:36.113] [DEBUG] cheese - null
[2020-01-19T15:29:36.113] [DEBUG] cheese - null
[2020-01-19T15:30:03.885] [DEBUG] cheese - login => username:admin,password:123456
[2020-01-19T15:30:03.885] [DEBUG] cheese - admin
[2020-01-19T15:30:03.888] [DEBUG] cheese - null
[2020-01-19T15:30:03.888] [DEBUG] cheese - null
[2020-01-19T15:42:40.236] [DEBUG] cheese - login => username:admin,password:123456
[2020-01-19T15:42:40.236] [DEBUG] cheese - admin
[2020-01-19T15:42:40.239] [DEBUG] cheese - null
[2020-01-19T15:42:40.239] [DEBUG] cheese - null
[2020-01-19T16:03:47.994] [DEBUG] cheese - login => username:admin,password:123456
[2020-01-19T16:03:47.994] [DEBUG] cheese - admin
[2020-01-19T16:03:47.997] [DEBUG] cheese - null
[2020-01-19T16:03:47.997] [DEBUG] cheese - null
[2020-01-19T16:10:45.012] [DEBUG] cheese - login => username:admin,password:123456
[2020-01-19T16:10:45.012] [DEBUG] cheese - admin
[2020-01-19T16:10:45.016] [DEBUG] cheese - null
[2020-01-19T16:10:45.016] [DEBUG] cheese - null
[2020-01-19T16:11:53.433] [DEBUG] cheese - login => username:admin,password:123456
[2020-01-19T16:11:53.433] [DEBUG] cheese - admin
[2020-01-19T16:11:53.436] [DEBUG] cheese - null
[2020-01-19T16:11:53.436] [DEBUG] cheese - null
[2020-01-19T16:18:49.514] [DEBUG] cheese - login => username:admin,password:123456
[2020-01-19T16:18:49.514] [DEBUG] cheese - admin
[2020-01-19T16:18:49.516] [DEBUG] cheese - null
[2020-01-19T16:18:49.517] [DEBUG] cheese - null
[2020-01-19T16:28:16.679] [DEBUG] cheese - login => username:admin,password:123456
[2020-01-19T16:28:16.679] [DEBUG] cheese - admin
[2020-01-19T16:28:16.681] [DEBUG] cheese - null
[2020-01-19T16:28:16.681] [DEBUG] cheese - null
[2020-01-19T16:56:02.532] [DEBUG] cheese - login => username:admin,password:123456
[2020-01-19T16:56:02.533] [DEBUG] cheese - admin
[2020-01-19T16:56:02.536] [DEBUG] cheese - null
[2020-01-19T16:56:02.536] [DEBUG] cheese - null
[2020-01-19T17:21:38.815] [DEBUG] cheese - login => username:admin,password:123456
[2020-01-19T17:21:38.815] [DEBUG] cheese - admin
[2020-01-19T17:21:38.817] [DEBUG] cheese - null
[2020-01-19T17:21:38.817] [DEBUG] cheese - null
[2020-01-19T17:23:50.368] [DEBUG] cheese - login => username:admin,password:123456
[2020-01-19T17:23:50.369] [DEBUG] cheese - admin
[2020-01-19T17:23:50.371] [DEBUG] cheese - null
[2020-01-19T17:23:50.371] [DEBUG] cheese - null
[2020-01-19T17:24:24.053] [DEBUG] cheese - login => username:admin,password:123456
[2020-01-19T17:24:24.053] [DEBUG] cheese - admin
[2020-01-19T17:24:24.055] [DEBUG] cheese - null
[2020-01-19T17:24:24.055] [DEBUG] cheese - null
[2020-01-19T17:28:18.312] [DEBUG] cheese - login => username:admin,password:123456
[2020-01-19T17:28:18.312] [DEBUG] cheese - admin
[2020-01-19T17:28:18.315] [DEBUG] cheese - null
[2020-01-19T17:28:18.315] [DEBUG] cheese - null
[2020-01-19T17:44:37.466] [DEBUG] cheese - login => username:admin,password:123456
[2020-01-19T17:44:37.466] [DEBUG] cheese - admin
[2020-01-19T17:44:37.469] [DEBUG] cheese - null
[2020-01-19T17:44:37.469] [DEBUG] cheese - null
[2020-01-19T17:46:20.424] [DEBUG] cheese - login => username:admin,password:123456
[2020-01-19T17:46:20.424] [DEBUG] cheese - admin
[2020-01-19T17:46:20.428] [DEBUG] cheese - null
[2020-01-19T17:46:20.428] [DEBUG] cheese - null
[2020-01-19T21:53:47.644] [DEBUG] cheese - login => username:admin,password:123456
[2020-01-19T21:53:47.644] [DEBUG] cheese - admin
[2020-01-19T21:53:47.647] [DEBUG] cheese - null
[2020-01-19T21:53:47.647] [DEBUG] cheese - null
[2020-01-19T22:21:52.998] [DEBUG] cheese - login => username:admin,password:123456
[2020-01-19T22:21:52.998] [DEBUG] cheese - admin
[2020-01-19T22:21:53.001] [DEBUG] cheese - null
[2020-01-19T22:21:53.001] [DEBUG] cheese - null
[2020-01-19T23:08:34.335] [DEBUG] cheese - login => username:admin,password:123456
[2020-01-19T23:08:34.335] [DEBUG] cheese - admin
[2020-01-19T23:08:34.337] [DEBUG] cheese - null
[2020-01-19T23:08:34.337] [DEBUG] cheese - null
[2020-01-20T16:15:37.043] [DEBUG] cheese - login => username:admin,password:123456
[2020-01-20T16:15:37.045] [DEBUG] cheese - admin
[2020-01-20T16:15:37.055] [DEBUG] cheese - null
[2020-01-20T16:15:37.056] [DEBUG] cheese - null
[2020-01-20T16:40:51.810] [DEBUG] cheese - login => username:admin,password:123456
[2020-01-20T16:40:51.810] [DEBUG] cheese - admin
[2020-01-20T16:40:51.814] [DEBUG] cheese - null
[2020-01-20T16:40:51.814] [DEBUG] cheese - null
[2020-01-20T23:36:37.377] [DEBUG] cheese - login => username:admin,password:123456
[2020-01-20T23:36:37.378] [DEBUG] cheese - admin
[2020-01-20T23:36:37.380] [DEBUG] cheese - null
[2020-01-20T23:36:37.380] [DEBUG] cheese - null
[2020-01-21T15:57:20.945] [DEBUG] cheese - null
[2020-01-21T23:03:47.319] [DEBUG] cheese - login => username:admin,password:123456
[2020-01-21T23:03:47.320] [DEBUG] cheese - admin
[2020-01-21T23:03:47.323] [DEBUG] cheese - null
[2020-01-21T23:03:47.323] [DEBUG] cheese - null
[2020-01-23T20:44:20.582] [DEBUG] cheese - login => username:admin,password:123456
[2020-01-23T20:44:20.585] [DEBUG] cheese - admin
[2020-01-23T20:44:20.604] [DEBUG] cheese - null
[2020-01-23T20:44:20.605] [DEBUG] cheese - null
[2020-01-25T12:07:27.757] [DEBUG] cheese - login => username:admin,password:123456
[2020-01-25T12:07:27.758] [DEBUG] cheese - admin
[2020-01-25T12:07:27.868] [DEBUG] cheese - null
[2020-01-25T12:07:27.868] [DEBUG] cheese - null
[2020-01-25T17:55:09.328] [DEBUG] cheese - login => username:admin,password:123456
[2020-01-25T17:55:09.328] [DEBUG] cheese - admin
[2020-01-25T17:55:09.330] [DEBUG] cheese - null
[2020-01-25T17:55:09.330] [DEBUG] cheese - null
[2020-01-25T17:56:06.587] [DEBUG] cheese - login => username:admi,password:123456
[2020-01-25T17:56:06.588] [DEBUG] cheese - admi
[2020-01-25T17:56:06.589] [DEBUG] cheese - null
[2020-01-25T17:56:06.589] [DEBUG] cheese - null
[2020-01-25T17:56:10.552] [DEBUG] cheese - login => username:admin,password:123456
[2020-01-25T17:56:10.552] [DEBUG] cheese - admin
[2020-01-25T17:56:10.555] [DEBUG] cheese - null
[2020-01-25T17:56:10.555] [DEBUG] cheese - null
[2020-01-25T17:56:25.692] [DEBUG] cheese - login => username:linken,password:123456
[2020-01-25T17:56:25.692] [DEBUG] cheese - linken
[2020-01-25T17:56:25.695] [DEBUG] cheese - null
[2020-01-25T17:56:25.695] [DEBUG] cheese - null
[2020-01-25T17:56:33.086] [DEBUG] cheese - login => username:admin,password:123456
[2020-01-25T17:56:33.086] [DEBUG] cheese - admin
[2020-01-25T17:56:33.089] [DEBUG] cheese - null
[2020-01-25T17:56:33.089] [DEBUG] cheese - null
[2020-01-25T18:01:11.807] [DEBUG] cheese - login => username:auth,password:123456
[2020-01-25T18:01:11.807] [DEBUG] cheese - auth
[2020-01-25T18:01:11.809] [DEBUG] cheese - null
[2020-01-25T18:01:11.809] [DEBUG] cheese - null
[2020-01-25T18:01:21.331] [DEBUG] cheese - login => username:auth,password:123456
[2020-01-25T18:01:21.331] [DEBUG] cheese - auth
[2020-01-25T18:01:21.333] [DEBUG] cheese - null
[2020-01-25T18:01:21.333] [DEBUG] cheese - null
[2020-01-25T18:01:22.594] [DEBUG] cheese - login => username:admin,password:123456
[2020-01-25T18:01:22.594] [DEBUG] cheese - admin
[2020-01-25T18:01:22.596] [DEBUG] cheese - null
[2020-01-25T18:01:22.596] [DEBUG] cheese - null
[2020-01-25T18:01:46.719] [DEBUG] cheese - login => username:auth,password:123456
[2020-01-25T18:01:46.719] [DEBUG] cheese - auth
[2020-01-25T18:01:46.720] [DEBUG] cheese - null
[2020-01-25T18:01:46.720] [DEBUG] cheese - null
[2020-01-25T18:01:49.042] [DEBUG] cheese - null
[2020-01-25T18:01:49.045] [DEBUG] cheese - null
[2020-01-25T18:01:52.237] [DEBUG] cheese - null
[2020-01-25T18:01:52.238] [DEBUG] cheese - null
[2020-01-25T18:01:53.421] [DEBUG] cheese - null
[2020-01-25T18:01:53.424] [DEBUG] cheese - null
[2020-01-25T18:01:59.201] [DEBUG] cheese - login => username:admin,password:123456
[2020-01-25T18:01:59.201] [DEBUG] cheese - admin
[2020-01-25T18:01:59.202] [DEBUG] cheese - null
[2020-01-25T18:01:59.202] [DEBUG] cheese - null
[2020-01-26T13:07:24.764] [DEBUG] cheese - login => username:admin,password:123456
[2020-01-26T13:07:24.764] [DEBUG] cheese - admin
[2020-01-26T13:07:24.767] [DEBUG] cheese - null
[2020-01-26T13:07:24.767] [DEBUG] cheese - null
[2020-01-26T16:04:29.486] [DEBUG] cheese - login => username:admin,password:123456
[2020-01-26T16:04:29.486] [DEBUG] cheese - admin
[2020-01-26T16:04:29.592] [DEBUG] cheese - null
[2020-01-26T16:04:29.592] [DEBUG] cheese - null
[2020-01-26T17:42:27.771] [DEBUG] cheese - login => username:orders,password:123456
[2020-01-26T17:42:27.772] [DEBUG] cheese - orders
[2020-01-26T17:42:27.776] [DEBUG] cheese - null
[2020-01-26T17:42:27.776] [DEBUG] cheese - null
[2020-01-26T17:42:37.026] [DEBUG] cheese - login => username:admin,password:123456
[2020-01-26T17:42:37.026] [DEBUG] cheese - admin
[2020-01-26T17:42:37.031] [DEBUG] cheese - null
[2020-01-26T17:42:37.031] [DEBUG] cheese - null
[2020-01-26T17:42:51.967] [DEBUG] cheese - login => username:good,password:123456
[2020-01-26T17:42:51.967] [DEBUG] cheese - good
[2020-01-26T17:42:51.968] [DEBUG] cheese - null
[2020-01-26T17:42:51.969] [DEBUG] cheese - null
[2020-01-26T17:42:57.198] [DEBUG] cheese - login => username:good,password:123456
[2020-01-26T17:42:57.198] [DEBUG] cheese - good
[2020-01-26T17:42:57.202] [DEBUG] cheese - null
[2020-01-26T17:42:57.202] [DEBUG] cheese - null
[2020-01-26T17:43:03.117] [DEBUG] cheese - login => username:admin,password:123456
[2020-01-26T17:43:03.117] [DEBUG] cheese - admin
[2020-01-26T17:43:03.121] [DEBUG] cheese - null
[2020-01-26T17:43:03.121] [DEBUG] cheese - null
[2020-01-26T17:59:57.263] [DEBUG] cheese - login => username:linken,password:123456
[2020-01-26T17:59:57.263] [DEBUG] cheese - linken
[2020-01-26T17:59:57.266] [DEBUG] cheese - null
[2020-01-26T17:59:57.266] [DEBUG] cheese - null
[2020-01-26T17:59:59.567] [DEBUG] cheese - null
[2020-01-26T17:59:59.571] [DEBUG] cheese - null
[2020-01-26T18:00:00.669] [DEBUG] cheese - null
[2020-01-26T18:00:00.673] [DEBUG] cheese - null
[2020-01-26T18:00:01.722] [DEBUG] cheese - null
[2020-01-26T18:00:01.725] [DEBUG] cheese - null
[2020-01-26T18:00:12.566] [DEBUG] cheese - null
[2020-01-26T18:00:12.571] [DEBUG] cheese - null
[2020-01-26T18:00:13.701] [DEBUG] cheese - null
[2020-01-26T18:00:13.705] [DEBUG] cheese - null
[2020-01-26T18:00:20.653] [DEBUG] cheese - login => username:admin,password:123456
[2020-01-26T18:00:20.653] [DEBUG] cheese - admin
[2020-01-26T18:00:20.657] [DEBUG] cheese - null
[2020-01-26T18:00:20.657] [DEBUG] cheese - null
[2020-01-26T18:01:02.169] [DEBUG] cheese - login => username:admin,password:123456
[2020-01-26T18:01:02.169] [DEBUG] cheese - admin
[2020-01-26T18:01:02.174] [DEBUG] cheese - null
[2020-01-26T18:01:02.174] [DEBUG] cheese - null
[2020-01-26T18:01:11.646] [DEBUG] cheese - login => username:orders,password:123456
[2020-01-26T18:01:11.646] [DEBUG] cheese - orders
[2020-01-26T18:01:11.650] [DEBUG] cheese - null
[2020-01-26T18:01:11.650] [DEBUG] cheese - null
[2020-01-26T18:01:12.416] [DEBUG] cheese - login => username:orders,password:123456
[2020-01-26T18:01:12.416] [DEBUG] cheese - orders
[2020-01-26T18:01:12.421] [DEBUG] cheese - null
[2020-01-26T18:01:12.421] [DEBUG] cheese - null
[2020-01-26T18:01:12.616] [DEBUG] cheese - login => username:orders,password:123456
[2020-01-26T18:01:12.617] [DEBUG] cheese - orders
[2020-01-26T18:01:12.620] [DEBUG] cheese - null
[2020-01-26T18:01:12.621] [DEBUG] cheese - null
[2020-01-26T18:01:15.327] [DEBUG] cheese - login => username:admin,password:123456
[2020-01-26T18:01:15.327] [DEBUG] cheese - admin
[2020-01-26T18:01:15.331] [DEBUG] cheese - null
[2020-01-26T18:01:15.331] [DEBUG] cheese - null
[2020-01-26T22:01:29.107] [DEBUG] cheese - login => username:admin,password:123456
[2020-01-26T22:01:29.107] [DEBUG] cheese - admin
[2020-01-26T22:01:29.113] [DEBUG] cheese - null
[2020-01-26T22:01:29.113] [DEBUG] cheese - null
[2020-01-28T09:54:49.669] [DEBUG] cheese - login => username:admin,password:123456
[2020-01-28T09:54:49.671] [DEBUG] cheese - admin
[2020-01-28T09:54:49.689] [DEBUG] cheese - null
[2020-01-28T09:54:49.690] [DEBUG] cheese - null
[2020-01-28T09:59:40.428] [DEBUG] cheese - login => username:admin,password:123456
[2020-01-28T09:59:40.428] [DEBUG] cheese - admin
[2020-01-28T09:59:40.431] [DEBUG] cheese - null
[2020-01-28T09:59:40.431] [DEBUG] cheese - null
[2020-01-28T12:56:54.555] [DEBUG] cheese - login => username:admin,password:123456
[2020-01-28T12:56:54.555] [DEBUG] cheese - admin
[2020-01-28T12:56:54.558] [DEBUG] cheese - null
[2020-01-28T12:56:54.558] [DEBUG] cheese - null
[2020-01-29T14:09:05.931] [DEBUG] cheese - login => username:admin,password:123456
[2020-01-29T14:09:05.931] [DEBUG] cheese - admin
[2020-01-29T14:09:05.987] [DEBUG] cheese - null
[2020-01-29T14:09:05.987] [DEBUG] cheese - null
[2020-01-30T13:06:03.979] [DEBUG] cheese - login => username:admin,password:123456
[2020-01-30T13:06:03.981] [DEBUG] cheese - admin
[2020-01-30T13:06:03.998] [DEBUG] cheese - null
[2020-01-30T13:06:03.999] [DEBUG] cheese - null
[2020-01-31T15:04:41.057] [DEBUG] cheese - login => username:admin,password:123456
[2020-01-31T15:04:41.059] [DEBUG] cheese - admin
[2020-01-31T15:04:41.091] [DEBUG] cheese - null
[2020-01-31T15:04:41.091] [DEBUG] cheese - null
[2020-01-31T15:16:39.226] [DEBUG] cheese - login => username:admin,password:123456
[2020-01-31T15:16:39.226] [DEBUG] cheese - admin
[2020-01-31T15:16:39.230] [DEBUG] cheese - null
[2020-01-31T15:16:39.230] [DEBUG] cheese - null
[2020-01-31T15:16:57.411] [DEBUG] cheese - login => username:admin,password:123456
[2020-01-31T15:16:57.412] [DEBUG] cheese - admin
[2020-01-31T15:16:57.416] [DEBUG] cheese - null
[2020-01-31T15:16:57.416] [DEBUG] cheese - null
[2020-01-31T16:45:49.514] [DEBUG] cheese - null
[2020-02-01T15:19:52.934] [DEBUG] cheese - login => username:admin,password:123456
[2020-02-01T15:19:52.934] [DEBUG] cheese - admin
[2020-02-01T15:19:52.943] [DEBUG] cheese - null
[2020-02-01T15:19:52.943] [DEBUG] cheese - null
[2020-02-02T10:55:43.884] [DEBUG] cheese - login => username:admin,password:123456
[2020-02-02T10:55:43.884] [DEBUG] cheese - admin
[2020-02-02T10:55:43.887] [DEBUG] cheese - null
[2020-02-02T10:55:43.887] [DEBUG] cheese - null
[2020-02-02T12:23:43.455] [DEBUG] cheese - login => username:admin,password:123456
[2020-02-02T12:23:43.458] [DEBUG] cheese - admin
[2020-02-02T12:23:43.478] [DEBUG] cheese - null
[2020-02-02T12:23:43.478] [DEBUG] cheese - null
[2020-02-02T12:25:57.106] [DEBUG] cheese - login => username:admin,password:123456
[2020-02-02T12:25:57.106] [DEBUG] cheese - admin
[2020-02-02T12:25:57.112] [DEBUG] cheese - null
[2020-02-02T12:25:57.112] [DEBUG] cheese - null
[2020-02-02T12:27:41.624] [DEBUG] cheese - login => username:admin,password:123456
[2020-02-02T12:27:41.624] [DEBUG] cheese - admin
[2020-02-02T12:27:41.630] [DEBUG] cheese - null
[2020-02-02T12:27:41.630] [DEBUG] cheese - null
[2020-02-02T12:28:10.566] [DEBUG] cheese - login => username:admin5,password:123456
[2020-02-02T12:28:10.566] [DEBUG] cheese - admin5
[2020-02-02T12:28:10.570] [DEBUG] cheese - null
[2020-02-02T12:28:10.571] [DEBUG] cheese - null
[2020-02-02T12:28:31.941] [DEBUG] cheese - login => username:admin,password:123456
[2020-02-02T12:28:31.941] [DEBUG] cheese - admin
[2020-02-02T12:28:31.946] [DEBUG] cheese - null
[2020-02-02T12:28:31.946] [DEBUG] cheese - null
[2020-02-02T12:40:46.618] [DEBUG] cheese - login => username:admin,password:123456
[2020-02-02T12:40:46.619] [DEBUG] cheese - admin
[2020-02-02T12:40:46.622] [DEBUG] cheese - null
[2020-02-02T12:40:46.622] [DEBUG] cheese - null
[2020-02-02T12:47:25.040] [DEBUG] cheese - login => username:admin,password:123456
[2020-02-02T12:47:25.040] [DEBUG] cheese - admin
[2020-02-02T12:47:25.043] [DEBUG] cheese - null
[2020-02-02T12:47:25.043] [DEBUG] cheese - null
[2020-02-02T12:59:06.747] [DEBUG] cheese - login => username:admin,password:123456
[2020-02-02T12:59:06.750] [DEBUG] cheese - admin
[2020-02-02T12:59:06.762] [DEBUG] cheese - null
[2020-02-02T12:59:06.762] [DEBUG] cheese - null
[2020-02-02T13:42:31.266] [DEBUG] cheese - login => username:admin,password:123456
[2020-02-02T13:42:31.266] [DEBUG] cheese - admin
[2020-02-02T13:42:31.272] [DEBUG] cheese - null
[2020-02-02T13:42:31.273] [DEBUG] cheese - null
[2020-02-02T13:42:52.236] [DEBUG] cheese - login => username:admin,password:123456
[2020-02-02T13:42:52.237] [DEBUG] cheese - admin
[2020-02-02T13:42:52.241] [DEBUG] cheese - null
[2020-02-02T13:42:52.241] [DEBUG] cheese - null
[2020-02-02T13:43:22.373] [DEBUG] cheese - login => username:admin,password:123456
[2020-02-02T13:43:22.373] [DEBUG] cheese - admin
[2020-02-02T13:43:22.381] [DEBUG] cheese - null
[2020-02-02T13:43:22.382] [DEBUG] cheese - null
[2020-02-02T13:57:57.669] [DEBUG] cheese - login => username:admin,password:123456
[2020-02-02T13:57:57.669] [DEBUG] cheese - admin
[2020-02-02T13:57:57.675] [DEBUG] cheese - null
[2020-02-02T13:57:57.675] [DEBUG] cheese - null
[2020-02-02T14:01:00.834] [DEBUG] cheese - login => username:admin,password:123456
[2020-02-02T14:01:00.836] [DEBUG] cheese - admin
[2020-02-02T14:01:00.875] [DEBUG] cheese - null
[2020-02-02T14:01:00.876] [DEBUG] cheese - null
[2020-02-02T14:28:33.260] [DEBUG] cheese - login => username:admin,password:123456
[2020-02-02T14:28:33.260] [DEBUG] cheese - admin
[2020-02-02T14:28:33.263] [DEBUG] cheese - null
[2020-02-02T14:28:33.263] [DEBUG] cheese - null
[2020-02-02T14:35:49.467] [DEBUG] cheese - login => username:admin,password:123456
[2020-02-02T14:35:49.467] [DEBUG] cheese - admin
[2020-02-02T14:35:49.470] [DEBUG] cheese - null
[2020-02-02T14:35:49.470] [DEBUG] cheese - null
[2020-02-02T15:29:21.354] [DEBUG] cheese - login => username:admin,password:123456
[2020-02-02T15:29:21.354] [DEBUG] cheese - admin
[2020-02-02T15:29:21.363] [DEBUG] cheese - null
[2020-02-02T15:29:21.363] [DEBUG] cheese - null
[2020-02-02T15:34:42.350] [DEBUG] cheese - login => username:admin,password:123456
[2020-02-02T15:34:42.350] [DEBUG] cheese - admin
[2020-02-02T15:34:42.352] [DEBUG] cheese - null
[2020-02-02T15:34:42.353] [DEBUG] cheese - null
[2020-02-02T16:01:32.433] [DEBUG] cheese - login => username:admin,password:123456
[2020-02-02T16:01:32.433] [DEBUG] cheese - admin
[2020-02-02T16:01:32.435] [DEBUG] cheese - null
[2020-02-02T16:01:32.435] [DEBUG] cheese - null
[2020-02-02T16:11:20.413] [DEBUG] cheese - login => username:admin,password:123456
[2020-02-02T16:11:20.413] [DEBUG] cheese - admin
[2020-02-02T16:11:20.414] [DEBUG] cheese - null
[2020-02-02T16:11:20.414] [DEBUG] cheese - null
[2020-02-05T13:54:07.684] [DEBUG] cheese - login => username:admin,password:123456
[2020-02-05T13:54:07.685] [DEBUG] cheese - admin
[2020-02-05T13:54:07.719] [DEBUG] cheese - null
[2020-02-05T13:54:07.719] [DEBUG] cheese - null
[2020-02-14T17:01:46.873] [DEBUG] cheese - login => username:admin,password:123456
[2020-02-14T17:01:46.876] [DEBUG] cheese - admin
[2020-02-14T17:01:46.900] [DEBUG] cheese - null
[2020-02-14T17:01:46.901] [DEBUG] cheese - null
[2020-02-14T17:50:21.591] [DEBUG] cheese - login => username:admin,password:123456
[2020-02-14T17:50:21.594] [DEBUG] cheese - admin
[2020-02-14T17:50:21.604] [DEBUG] cheese - null
[2020-02-14T17:50:21.604] [DEBUG] cheese - null
[2020-02-14T17:51:46.243] [DEBUG] cheese - login => username:report,password:123456
[2020-02-14T17:51:46.244] [DEBUG] cheese - report
[2020-02-14T17:51:46.247] [DEBUG] cheese - null
[2020-02-14T17:51:46.247] [DEBUG] cheese - null
[2020-02-14T17:51:51.927] [DEBUG] cheese - login => username:admin,password:123456
[2020-02-14T17:51:51.928] [DEBUG] cheese - admin
[2020-02-14T17:51:51.930] [DEBUG] cheese - null
[2020-02-14T17:51:51.930] [DEBUG] cheese - null
[2020-02-14T17:53:05.427] [DEBUG] cheese - login => username:author,password:123456
[2020-02-14T17:53:05.427] [DEBUG] cheese - author
[2020-02-14T17:53:05.429] [DEBUG] cheese - null
[2020-02-14T17:53:05.429] [DEBUG] cheese - null
[2020-02-14T17:53:07.947] [DEBUG] cheese - null
[2020-02-14T17:53:07.949] [DEBUG] cheese - null
[2020-02-14T17:53:13.294] [DEBUG] cheese - null
[2020-02-14T17:53:13.296] [DEBUG] cheese - null
[2020-02-14T17:53:14.599] [DEBUG] cheese - null
[2020-02-14T17:53:14.601] [DEBUG] cheese - null
[2020-02-14T17:53:23.043] [DEBUG] cheese - login => username:admin,password:123456
[2020-02-14T17:53:23.043] [DEBUG] cheese - admin
[2020-02-14T17:53:23.045] [DEBUG] cheese - null
[2020-02-14T17:53:23.045] [DEBUG] cheese - null
[2020-02-15T13:35:26.258] [DEBUG] cheese - login => username:admin,password:123456
[2020-02-15T13:35:26.259] [DEBUG] cheese - admin
[2020-02-15T13:35:26.261] [DEBUG] cheese - null
[2020-02-15T13:35:26.261] [DEBUG] cheese - null
[2020-02-16T12:38:14.875] [DEBUG] cheese - login => username:admin,password:123456
[2020-02-16T12:38:14.875] [DEBUG] cheese - admin
[2020-02-16T12:38:14.885] [DEBUG] cheese - null
[2020-02-16T12:38:14.885] [DEBUG] cheese - null
[2020-02-19T12:23:52.880] [DEBUG] cheese - login => username:admin,password:123456
[2020-02-19T12:23:52.880] [DEBUG] cheese - admin
[2020-02-19T12:23:52.886] [DEBUG] cheese - null
[2020-02-19T12:23:52.887] [DEBUG] cheese - null
[2020-02-19T12:26:17.173] [DEBUG] cheese - login => username:admin,password:123456
[2020-02-19T12:26:17.173] [DEBUG] cheese - admin
[2020-02-19T12:26:17.176] [DEBUG] cheese - null
[2020-02-19T12:26:17.176] [DEBUG] cheese - null
[2020-02-19T12:27:14.420] [DEBUG] cheese - login => username:admin,password:123456
[2020-02-19T12:27:14.420] [DEBUG] cheese - admin
[2020-02-19T12:27:14.422] [DEBUG] cheese - null
[2020-02-19T12:27:14.423] [DEBUG] cheese - null
[2020-02-25T03:10:46.626] [DEBUG] cheese - login => username:admin,password:123456
[2020-02-25T03:10:46.629] [DEBUG] cheese - admin
[2020-02-25T03:10:46.663] [DEBUG] cheese - null
[2020-02-25T03:10:46.663] [DEBUG] cheese - null
[2020-02-25T03:12:31.943] [DEBUG] cheese - login => username:goods,password:123456
[2020-02-25T03:12:31.943] [DEBUG] cheese - goods
[2020-02-25T03:12:31.945] [DEBUG] cheese - null
[2020-02-25T03:12:31.945] [DEBUG] cheese - null
[2020-02-25T03:12:34.412] [DEBUG] cheese - login => username:admin,password:123456
[2020-02-25T03:12:34.412] [DEBUG] cheese - admin
[2020-02-25T03:12:34.415] [DEBUG] cheese - null
[2020-02-25T03:12:34.415] [DEBUG] cheese - null
[2020-02-25T03:12:53.832] [DEBUG] cheese - login => username:good,password:123456
[2020-02-25T03:12:53.832] [DEBUG] cheese - good
[2020-02-25T03:12:53.835] [DEBUG] cheese - null
[2020-02-25T03:12:53.835] [DEBUG] cheese - null
[2020-02-25T03:13:04.899] [DEBUG] cheese - login => username:goods,password:123456
[2020-02-25T03:13:04.899] [DEBUG] cheese - goods
[2020-02-25T03:13:04.901] [DEBUG] cheese - null
[2020-02-25T03:13:04.901] [DEBUG] cheese - null
[2020-02-25T03:13:08.296] [DEBUG] cheese - null
[2020-02-25T03:13:08.298] [DEBUG] cheese - null
[2020-02-25T03:13:24.035] [DEBUG] cheese - null
[2020-02-25T03:13:24.038] [DEBUG] cheese - null
[2020-02-25T03:13:28.201] [DEBUG] cheese - null
[2020-02-25T03:13:28.203] [DEBUG] cheese - null
[2020-02-25T03:13:51.407] [DEBUG] cheese - null
[2020-02-25T03:13:51.410] [DEBUG] cheese - null
[2020-02-25T03:13:56.478] [DEBUG] cheese - null
[2020-02-25T03:13:56.480] [DEBUG] cheese - null
[2020-02-25T03:13:59.727] [DEBUG] cheese - null
[2020-02-25T03:13:59.729] [DEBUG] cheese - null
[2020-02-25T03:14:04.221] [DEBUG] cheese - null
[2020-02-25T03:14:04.224] [DEBUG] cheese - null
[2020-02-25T03:14:04.272] [DEBUG] cheese - null
[2020-02-25T03:14:04.273] [DEBUG] cheese - null
[2020-02-25T03:14:12.593] [DEBUG] cheese - login => username:goods,password:123456
[2020-02-25T03:14:12.593] [DEBUG] cheese - goods
[2020-02-25T03:14:12.596] [DEBUG] cheese - null
[2020-02-25T03:14:12.596] [DEBUG] cheese - null
[2020-02-25T03:14:15.186] [DEBUG] cheese - null
[2020-02-25T03:14:15.188] [DEBUG] cheese - null
[2020-02-25T03:14:16.064] [DEBUG] cheese - null
[2020-02-25T03:14:16.065] [DEBUG] cheese - null
[2020-02-25T03:14:17.239] [DEBUG] cheese - null
[2020-02-25T03:14:17.241] [DEBUG] cheese - null
[2020-02-25T03:14:23.251] [DEBUG] cheese - login => username:admin,password:123456
[2020-02-25T03:14:23.251] [DEBUG] cheese - admin
[2020-02-25T03:14:23.253] [DEBUG] cheese - null
[2020-02-25T03:14:23.253] [DEBUG] cheese - null
[2020-02-25T03:16:13.919] [DEBUG] cheese - login => username:goods,password:123456
[2020-02-25T03:16:13.919] [DEBUG] cheese - goods
[2020-02-25T03:16:13.920] [DEBUG] cheese - null
[2020-02-25T03:16:13.921] [DEBUG] cheese - null
[2020-02-25T03:16:17.235] [DEBUG] cheese - null
[2020-02-25T03:16:17.236] [DEBUG] cheese - null
[2020-02-25T03:16:20.234] [DEBUG] cheese - null
[2020-02-25T03:16:20.239] [DEBUG] cheese - null
[2020-02-25T03:16:21.420] [DEBUG] cheese - null
[2020-02-25T03:16:21.427] [DEBUG] cheese - null
[2020-02-25T03:16:28.501] [DEBUG] cheese - login => username:admin,password:123456
[2020-02-25T03:16:28.502] [DEBUG] cheese - admin
[2020-02-25T03:16:28.513] [DEBUG] cheese - null
[2020-02-25T03:16:28.513] [DEBUG] cheese - null
[2020-02-25T03:23:35.712] [DEBUG] cheese - login => username:admin,password:123456
[2020-02-25T03:23:35.712] [DEBUG] cheese - admin
[2020-02-25T03:23:35.715] [DEBUG] cheese - null
[2020-02-25T03:23:35.715] [DEBUG] cheese - null
[2020-02-25T03:25:38.822] [DEBUG] cheese - null
[2020-02-25T03:26:05.449] [DEBUG] cheese - login => username:linken,password:123456
[2020-02-25T03:26:05.450] [DEBUG] cheese - linken
[2020-02-25T03:26:05.451] [DEBUG] cheese - null
[2020-02-25T03:26:05.451] [DEBUG] cheese - null
[2020-02-25T03:26:07.914] [DEBUG] cheese - null
[2020-02-25T03:26:12.458] [DEBUG] cheese - null
[2020-02-25T03:26:18.375] [DEBUG] cheese - null
[2020-02-25T03:26:18.377] [DEBUG] cheese - null
[2020-02-25T03:26:21.334] [DEBUG] cheese - null
[2020-02-25T03:26:21.335] [DEBUG] cheese - null
[2020-02-25T03:26:22.151] [DEBUG] cheese - null
[2020-02-25T03:26:22.153] [DEBUG] cheese - null
[2020-02-25T03:26:22.799] [DEBUG] cheese - null
[2020-02-25T03:26:22.801] [DEBUG] cheese - null
[2020-02-25T03:26:25.970] [DEBUG] cheese - login => username:admin,password:123456
[2020-02-25T03:26:25.970] [DEBUG] cheese - admin
[2020-02-25T03:26:25.972] [DEBUG] cheese - null
[2020-02-25T03:26:25.972] [DEBUG] cheese - null
[2020-02-25T03:44:58.658] [DEBUG] cheese - login => username:admin,password:123456
[2020-02-25T03:44:58.658] [DEBUG] cheese - admin
[2020-02-25T03:44:58.660] [DEBUG] cheese - null
[2020-02-25T03:44:58.660] [DEBUG] cheese - null
[2020-02-25T09:35:09.360] [DEBUG] cheese - login => username:admin,password:123456
[2020-02-25T09:35:09.360] [DEBUG] cheese - admin
[2020-02-25T09:35:09.361] [DEBUG] cheese - null
[2020-02-25T09:35:09.361] [DEBUG] cheese - null
[2020-02-25T09:35:20.332] [DEBUG] cheese - login => username:goods,password:123456
[2020-02-25T09:35:20.333] [DEBUG] cheese - goods
[2020-02-25T09:35:20.335] [DEBUG] cheese - null
[2020-02-25T09:35:20.335] [DEBUG] cheese - null
[2020-02-25T09:35:22.817] [DEBUG] cheese - null
[2020-02-25T09:35:22.819] [DEBUG] cheese - null
[2020-02-25T09:35:23.402] [DEBUG] cheese - null
[2020-02-25T09:35:23.404] [DEBUG] cheese - null
[2020-02-25T09:35:31.430] [DEBUG] cheese - login => username:author,password:123456
[2020-02-25T09:35:31.430] [DEBUG] cheese - author
[2020-02-25T09:35:31.432] [DEBUG] cheese - null
[2020-02-25T09:35:31.432] [DEBUG] cheese - null
[2020-02-25T09:35:33.625] [DEBUG] cheese - null
[2020-02-25T09:35:33.626] [DEBUG] cheese - null
[2020-02-25T09:35:34.109] [DEBUG] cheese - null
[2020-02-25T09:35:34.110] [DEBUG] cheese - null
[2020-02-25T09:36:07.230] [DEBUG] cheese - login => username:admin,password:123456
[2020-02-25T09:36:07.230] [DEBUG] cheese - admin
[2020-02-25T09:36:07.233] [DEBUG] cheese - null
[2020-02-25T09:36:07.233] [DEBUG] cheese - null
[2020-02-25T09:36:57.448] [DEBUG] cheese - login => username:test,password:123456
[2020-02-25T09:36:57.448] [DEBUG] cheese - test
[2020-02-25T09:36:57.450] [DEBUG] cheese - null
[2020-02-25T09:36:57.451] [DEBUG] cheese - null
[2020-02-25T09:36:59.390] [DEBUG] cheese - login => username:admin,password:123456
[2020-02-25T09:36:59.390] [DEBUG] cheese - admin
[2020-02-25T09:36:59.392] [DEBUG] cheese - null
[2020-02-25T09:36:59.392] [DEBUG] cheese - null
[2020-02-25T09:37:20.461] [DEBUG] cheese - login => username:test,password:123456
[2020-02-25T09:37:20.461] [DEBUG] cheese - test
[2020-02-25T09:37:20.463] [DEBUG] cheese - null
[2020-02-25T09:37:20.463] [DEBUG] cheese - null
[2020-02-25T09:37:22.733] [DEBUG] cheese - null
[2020-02-25T09:37:22.734] [DEBUG] cheese - null
[2020-02-25T09:37:26.423] [DEBUG] cheese - login => username:admin,password:123456
[2020-02-25T09:37:26.424] [DEBUG] cheese - admin
[2020-02-25T09:37:26.425] [DEBUG] cheese - null
[2020-02-25T09:37:26.425] [DEBUG] cheese - null
[2020-02-25T09:37:34.639] [DEBUG] cheese - null
[2020-02-25T09:37:38.764] [DEBUG] cheese - null
[2020-02-25T09:37:44.419] [DEBUG] cheese - login => username:test,password:123456
[2020-02-25T09:37:44.419] [DEBUG] cheese - test
[2020-02-25T09:37:44.422] [DEBUG] cheese - null
[2020-02-25T09:37:44.422] [DEBUG] cheese - null
[2020-02-25T09:52:10.526] [DEBUG] cheese - null
[2020-02-25T09:52:10.528] [DEBUG] cheese - null
[2020-02-25T09:52:11.905] [DEBUG] cheese - null
[2020-02-25T09:52:11.906] [DEBUG] cheese - null
[2020-02-25T09:52:13.187] [DEBUG] cheese - null
[2020-02-25T09:52:13.189] [DEBUG] cheese - null
[2020-02-25T09:52:15.056] [DEBUG] cheese - null
[2020-02-25T09:52:15.057] [DEBUG] cheese - null
[2020-02-25T09:52:25.023] [DEBUG] cheese - null
[2020-02-25T09:52:25.024] [DEBUG] cheese - null
[2020-02-25T09:52:26.311] [DEBUG] cheese - null
[2020-02-25T09:52:26.312] [DEBUG] cheese - null
[2020-03-08T23:33:06.424] [DEBUG] cheese - login => username:admin,password:123456
[2020-03-08T23:33:06.428] [DEBUG] cheese - admin
[2020-03-08T23:33:06.483] [DEBUG] cheese - null
[2020-03-08T23:33:06.484] [DEBUG] cheese - null
[2020-03-08T23:33:18.033] [DEBUG] cheese - login => username:admin,password:123456
[2020-03-08T23:33:18.033] [DEBUG] cheese - admin
[2020-03-08T23:33:18.039] [DEBUG] cheese - null
[2020-03-08T23:33:18.039] [DEBUG] cheese - null
[2020-07-09T23:24:14.853] [DEBUG] cheese - login => username:zs,password:123456
[2020-07-09T23:24:14.854] [DEBUG] cheese - zs
[2020-07-09T23:24:14.889] [DEBUG] cheese - null
[2020-07-09T23:24:14.890] [DEBUG] cheese - null
[2020-07-09T23:32:45.947] [DEBUG] cheese - login => username:admin,password:123
[2020-07-09T23:32:45.947] [DEBUG] cheese - admin
[2020-07-09T23:32:45.957] [DEBUG] cheese - null
[2020-07-09T23:32:45.957] [DEBUG] cheese - null
[2020-07-09T23:34:19.778] [DEBUG] cheese - login => username:admin,password:123456
[2020-07-09T23:34:19.779] [DEBUG] cheese - admin
[2020-07-09T23:34:19.782] [DEBUG] cheese - null
[2020-07-09T23:34:19.782] [DEBUG] cheese - null
[2020-07-10T06:49:03.377] [DEBUG] cheese - login => username:admin,password:123456
[2020-07-10T06:49:03.379] [DEBUG] cheese - admin
[2020-07-10T06:49:03.424] [DEBUG] cheese - null
[2020-07-10T06:49:03.425] [DEBUG] cheese - null
[2020-07-10T11:44:28.956] [DEBUG] cheese - login => username:admin,password:123456
[2020-07-10T11:44:28.957] [DEBUG] cheese - admin
[2020-07-10T11:44:29.002] [DEBUG] cheese - null
[2020-07-10T11:44:29.002] [DEBUG] cheese - null
[2020-07-10T11:45:39.150] [DEBUG] cheese - login => username:admin,password:123456
[2020-07-10T11:45:39.150] [DEBUG] cheese - admin
[2020-07-10T11:45:39.153] [DEBUG] cheese - null
[2020-07-10T11:45:39.154] [DEBUG] cheese - null
[2020-07-10T11:47:37.605] [DEBUG] cheese - login => username:admin,password:123456
[2020-07-10T11:47:37.606] [DEBUG] cheese - admin
[2020-07-10T11:47:37.608] [DEBUG] cheese - null
[2020-07-10T11:47:37.608] [DEBUG] cheese - null
[2020-07-10T11:48:44.041] [DEBUG] cheese - login => username:admin,password:123456
[2020-07-10T11:48:44.041] [DEBUG] cheese - admin
[2020-07-10T11:48:44.044] [DEBUG] cheese - null
[2020-07-10T11:48:44.044] [DEBUG] cheese - null
[2020-07-10T11:48:58.217] [DEBUG] cheese - login => username:adminds,password:123456
[2020-07-10T11:48:58.217] [DEBUG] cheese - adminds
[2020-07-10T11:48:58.218] [DEBUG] cheese - null
[2020-07-10T11:48:58.218] [DEBUG] cheese - null
[2020-07-10T11:54:54.317] [DEBUG] cheese - login => username:admin,password:123456
[2020-07-10T11:54:54.317] [DEBUG] cheese - admin
[2020-07-10T11:54:54.324] [DEBUG] cheese - null
[2020-07-10T11:54:54.325] [DEBUG] cheese - null
[2020-07-10T11:55:58.836] [DEBUG] cheese - login => username:admin,password:123456
[2020-07-10T11:55:58.837] [DEBUG] cheese - admin
[2020-07-10T11:55:58.838] [DEBUG] cheese - null
[2020-07-10T11:55:58.838] [DEBUG] cheese - null
[2020-07-10T11:56:04.334] [DEBUG] cheese - login => username:admin1,password:123456
[2020-07-10T11:56:04.334] [DEBUG] cheese - admin1
[2020-07-10T11:56:04.336] [DEBUG] cheese - null
[2020-07-10T11:56:04.336] [DEBUG] cheese - null
[2020-07-10T11:56:06.930] [DEBUG] cheese - login => username:admin1,password:1234561213123
[2020-07-10T11:56:06.930] [DEBUG] cheese - admin1
[2020-07-10T11:56:06.932] [DEBUG] cheese - null
[2020-07-10T11:56:06.932] [DEBUG] cheese - null
[2020-07-10T11:56:17.080] [DEBUG] cheese - login => username:admin,password:123456
[2020-07-10T11:56:17.080] [DEBUG] cheese - admin
[2020-07-10T11:56:17.082] [DEBUG] cheese - null
[2020-07-10T11:56:17.082] [DEBUG] cheese - null
[2020-07-10T11:56:46.436] [DEBUG] cheese - login => username:admin,password:123456
[2020-07-10T11:56:46.436] [DEBUG] cheese - admin
[2020-07-10T11:56:46.438] [DEBUG] cheese - null
[2020-07-10T11:56:46.439] [DEBUG] cheese - null
[2020-07-10T11:57:05.857] [DEBUG] cheese - login => username:admin,password:123456
[2020-07-10T11:57:05.857] [DEBUG] cheese - admin
[2020-07-10T11:57:05.859] [DEBUG] cheese - null
[2020-07-10T11:57:05.859] [DEBUG] cheese - null
[2020-07-10T11:57:09.322] [DEBUG] cheese - login => username:admin1,password:123456
[2020-07-10T11:57:09.323] [DEBUG] cheese - admin1
[2020-07-10T11:57:09.325] [DEBUG] cheese - null
[2020-07-10T11:57:09.325] [DEBUG] cheese - null
[2020-07-10T11:57:11.900] [DEBUG] cheese - login => username:admin,password:123456
[2020-07-10T11:57:11.900] [DEBUG] cheese - admin
[2020-07-10T11:57:11.902] [DEBUG] cheese - null
[2020-07-10T11:57:11.902] [DEBUG] cheese - null
[2020-07-10T15:39:39.702] [DEBUG] cheese - login => username:admin,password:123456
[2020-07-10T15:39:39.702] [DEBUG] cheese - admin
[2020-07-10T15:39:39.723] [DEBUG] cheese - null
[2020-07-10T15:39:39.723] [DEBUG] cheese - null
[2020-07-10T15:39:46.255] [DEBUG] cheese - login => username:admin,password:123456
[2020-07-10T15:39:46.255] [DEBUG] cheese - admin
[2020-07-10T15:39:46.281] [DEBUG] cheese - null
[2020-07-10T15:39:46.281] [DEBUG] cheese - null
[2020-07-10T15:41:01.771] [DEBUG] cheese - login => username:admin,password:123456qq
[2020-07-10T15:41:01.771] [DEBUG] cheese - admin
[2020-07-10T15:41:01.773] [DEBUG] cheese - null
[2020-07-10T15:41:01.773] [DEBUG] cheese - null
[2020-07-10T15:46:51.046] [DEBUG] cheese - login => username:admin,password:123456
[2020-07-10T15:46:51.056] [DEBUG] cheese - admin
[2020-07-10T15:46:51.071] [DEBUG] cheese - null
[2020-07-10T15:46:51.071] [DEBUG] cheese - null
[2020-07-10T15:47:27.845] [DEBUG] cheese - login => username:admin,password:123456
[2020-07-10T15:47:27.845] [DEBUG] cheese - admin
[2020-07-10T15:47:27.848] [DEBUG] cheese - null
[2020-07-10T15:47:27.848] [DEBUG] cheese - null
[2020-07-10T15:49:05.446] [DEBUG] cheese - login => username:admin,password:123456
[2020-07-10T15:49:05.446] [DEBUG] cheese - admin
[2020-07-10T15:49:05.448] [DEBUG] cheese - null
[2020-07-10T15:49:05.448] [DEBUG] cheese - null
[2020-07-10T15:50:13.225] [DEBUG] cheese - login => username:admin,password:123456
[2020-07-10T15:50:13.226] [DEBUG] cheese - admin
[2020-07-10T15:50:13.228] [DEBUG] cheese - null
[2020-07-10T15:50:13.228] [DEBUG] cheese - null
[2020-07-10T16:08:03.330] [DEBUG] cheese - login => username:admin,password:123456
[2020-07-10T16:08:03.330] [DEBUG] cheese - admin
[2020-07-10T16:08:03.351] [DEBUG] cheese - null
[2020-07-10T16:08:03.351] [DEBUG] cheese - null
[2020-07-10T16:18:21.466] [DEBUG] cheese - login => username:admin1,password:123456
[2020-07-10T16:18:21.466] [DEBUG] cheese - admin1
[2020-07-10T16:18:21.472] [DEBUG] cheese - null
[2020-07-10T16:18:21.472] [DEBUG] cheese - null
[2020-07-10T16:18:23.985] [DEBUG] cheese - login => username:admin,password:123456
[2020-07-10T16:18:23.985] [DEBUG] cheese - admin
[2020-07-10T16:18:23.988] [DEBUG] cheese - null
[2020-07-10T16:18:23.988] [DEBUG] cheese - null
[2020-07-10T16:18:27.403] [DEBUG] cheese - login => username:admin,password:123456
[2020-07-10T16:18:27.403] [DEBUG] cheese - admin
[2020-07-10T16:18:27.405] [DEBUG] cheese - null
[2020-07-10T16:18:27.405] [DEBUG] cheese - null
[2020-07-10T16:19:16.954] [DEBUG] cheese - login => username:admin,password:123456
[2020-07-10T16:19:16.954] [DEBUG] cheese - admin
[2020-07-10T16:19:16.957] [DEBUG] cheese - null
[2020-07-10T16:19:16.957] [DEBUG] cheese - null
[2020-07-10T16:33:35.201] [DEBUG] cheese - login => username:admin,password:123456
[2020-07-10T16:33:35.201] [DEBUG] cheese - admin
[2020-07-10T16:33:35.220] [DEBUG] cheese - null
[2020-07-10T16:33:35.221] [DEBUG] cheese - null
[2020-07-10T17:04:32.835] [DEBUG] cheese - login => username:admin,password:123456
[2020-07-10T17:04:32.835] [DEBUG] cheese - admin
[2020-07-10T17:04:32.845] [DEBUG] cheese - null
[2020-07-10T17:04:32.845] [DEBUG] cheese - null
[2020-07-10T17:04:43.377] [DEBUG] cheese - login => username:admin1312,password:123456
[2020-07-10T17:04:43.377] [DEBUG] cheese - admin1312
[2020-07-10T17:04:43.379] [DEBUG] cheese - null
[2020-07-10T17:04:43.379] [DEBUG] cheese - null
[2020-07-10T17:04:46.649] [DEBUG] cheese - login => username:admin1312,password:123456
[2020-07-10T17:04:46.649] [DEBUG] cheese - admin1312
[2020-07-10T17:04:46.651] [DEBUG] cheese - null
[2020-07-10T17:04:46.651] [DEBUG] cheese - null
[2020-07-10T17:04:51.050] [DEBUG] cheese - login => username:admin,password:123456
[2020-07-10T17:04:51.051] [DEBUG] cheese - admin
[2020-07-10T17:04:51.053] [DEBUG] cheese - null
[2020-07-10T17:04:51.054] [DEBUG] cheese - null
[2020-07-10T17:05:09.930] [DEBUG] cheese - login => username:admin,password:123456
[2020-07-10T17:05:09.930] [DEBUG] cheese - admin
[2020-07-10T17:05:09.932] [DEBUG] cheese - null
[2020-07-10T17:05:09.932] [DEBUG] cheese - null
[2020-07-10T17:10:27.313] [DEBUG] cheese - login => username:admin,password:123456
[2020-07-10T17:10:27.314] [DEBUG] cheese - admin
[2020-07-10T17:10:27.321] [DEBUG] cheese - null
[2020-07-10T17:10:27.321] [DEBUG] cheese - null
[2020-07-10T17:10:30.000] [DEBUG] cheese - login => username:admin,password:123456
[2020-07-10T17:10:30.001] [DEBUG] cheese - admin
[2020-07-10T17:10:30.003] [DEBUG] cheese - null
[2020-07-10T17:10:30.003] [DEBUG] cheese - null
[2020-07-10T17:11:32.442] [DEBUG] cheese - login => username:admin1,password:123456
[2020-07-10T17:11:32.442] [DEBUG] cheese - admin1
[2020-07-10T17:11:32.445] [DEBUG] cheese - null
[2020-07-10T17:11:32.445] [DEBUG] cheese - null
[2020-07-10T17:11:36.026] [DEBUG] cheese - login => username:admin,password:123456
[2020-07-10T17:11:36.026] [DEBUG] cheese - admin
[2020-07-10T17:11:36.027] [DEBUG] cheese - null
[2020-07-10T17:11:36.028] [DEBUG] cheese - null
[2020-07-10T17:11:48.731] [DEBUG] cheese - login => username:admin,password:123456
[2020-07-10T17:11:48.732] [DEBUG] cheese - admin
[2020-07-10T17:11:48.734] [DEBUG] cheese - null
[2020-07-10T17:11:48.734] [DEBUG] cheese - null
[2020-07-10T17:27:49.636] [DEBUG] cheese - login => username:admin,password:123456
[2020-07-10T17:27:49.636] [DEBUG] cheese - admin
[2020-07-10T17:27:49.642] [DEBUG] cheese - null
[2020-07-10T17:27:49.642] [DEBUG] cheese - null
[2020-07-10T17:28:53.812] [DEBUG] cheese - login => username:admin,password:123456
[2020-07-10T17:28:53.813] [DEBUG] cheese - admin
[2020-07-10T17:28:53.815] [DEBUG] cheese - null
[2020-07-10T17:28:53.815] [DEBUG] cheese - null
[2020-07-10T17:30:14.647] [DEBUG] cheese - login => username:admin,password:123456
[2020-07-10T17:30:14.648] [DEBUG] cheese - admin
[2020-07-10T17:30:14.650] [DEBUG] cheese - null
[2020-07-10T17:30:14.650] [DEBUG] cheese - null
[2020-07-10T17:44:45.331] [DEBUG] cheese - login => username:admin,password:123456
[2020-07-10T17:44:45.331] [DEBUG] cheese - admin
[2020-07-10T17:44:45.389] [DEBUG] cheese - null
[2020-07-10T17:44:45.389] [DEBUG] cheese - null
[2020-07-10T18:38:14.292] [DEBUG] cheese - login => username:admin,password:123456
[2020-07-10T18:38:14.292] [DEBUG] cheese - admin
[2020-07-10T18:38:14.321] [DEBUG] cheese - null
[2020-07-10T18:38:14.321] [DEBUG] cheese - null
[2020-07-10T18:39:54.571] [DEBUG] cheese - login => username:admin,password:123456
[2020-07-10T18:39:54.571] [DEBUG] cheese - admin
[2020-07-10T18:39:54.603] [DEBUG] cheese - null
[2020-07-10T18:39:54.603] [DEBUG] cheese - null
[2020-07-10T18:41:44.306] [DEBUG] cheese - login => username:admin,password:123456
[2020-07-10T18:41:44.306] [DEBUG] cheese - admin
[2020-07-10T18:41:44.308] [DEBUG] cheese - null
[2020-07-10T18:41:44.308] [DEBUG] cheese - null
[2020-07-10T20:06:56.428] [DEBUG] cheese - login => username:admin,password:123456
[2020-07-10T20:06:56.429] [DEBUG] cheese - admin
[2020-07-10T20:06:56.467] [DEBUG] cheese - null
[2020-07-10T20:06:56.467] [DEBUG] cheese - null
[2020-07-10T20:21:38.395] [DEBUG] cheese - login => username:admin,password:123456
[2020-07-10T20:21:38.396] [DEBUG] cheese - admin
[2020-07-10T20:21:38.401] [DEBUG] cheese - null
[2020-07-10T20:21:38.401] [DEBUG] cheese - null
[2020-07-10T20:22:22.038] [DEBUG] cheese - login => username:admin,password:123456
[2020-07-10T20:22:22.039] [DEBUG] cheese - admin
[2020-07-10T20:22:22.040] [DEBUG] cheese - null
[2020-07-10T20:22:22.040] [DEBUG] cheese - null
[2020-07-10T20:22:55.638] [DEBUG] cheese - login => username:admin1,password:123456
[2020-07-10T20:22:55.638] [DEBUG] cheese - admin1
[2020-07-10T20:22:55.640] [DEBUG] cheese - null
[2020-07-10T20:22:55.640] [DEBUG] cheese - null
[2020-07-10T20:22:58.473] [DEBUG] cheese - login => username:admin1,password:123456
[2020-07-10T20:22:58.474] [DEBUG] cheese - admin1
[2020-07-10T20:22:58.490] [DEBUG] cheese - null
[2020-07-10T20:22:58.490] [DEBUG] cheese - null
[2020-07-10T20:23:03.229] [DEBUG] cheese - login => username:admin1,password:123456123123132
[2020-07-10T20:23:03.229] [DEBUG] cheese - admin1
[2020-07-10T20:23:03.231] [DEBUG] cheese - null
[2020-07-10T20:23:03.231] [DEBUG] cheese - null
[2020-07-10T20:23:21.221] [DEBUG] cheese - login => username:admin,password:123456
[2020-07-10T20:23:21.221] [DEBUG] cheese - admin
[2020-07-10T20:23:21.223] [DEBUG] cheese - null
[2020-07-10T20:23:21.223] [DEBUG] cheese - null
[2020-07-10T20:26:43.110] [DEBUG] cheese - login => username:admin,password:123456
[2020-07-10T20:26:43.110] [DEBUG] cheese - admin
[2020-07-10T20:26:43.116] [DEBUG] cheese - null
[2020-07-10T20:26:43.116] [DEBUG] cheese - null
[2020-07-10T20:27:54.477] [DEBUG] cheese - login => username:admin,password:123456
[2020-07-10T20:27:54.477] [DEBUG] cheese - admin
[2020-07-10T20:27:54.479] [DEBUG] cheese - null
[2020-07-10T20:27:54.479] [DEBUG] cheese - null
[2020-07-10T21:18:18.161] [DEBUG] cheese - login => username:admin,password:123456
[2020-07-10T21:18:18.161] [DEBUG] cheese - admin
[2020-07-10T21:18:18.164] [DEBUG] cheese - null
[2020-07-10T21:18:18.164] [DEBUG] cheese - null
[2020-07-10T21:25:59.073] [DEBUG] cheese - login => username:admin,password:123456
[2020-07-10T21:25:59.073] [DEBUG] cheese - admin
[2020-07-10T21:25:59.077] [DEBUG] cheese - null
[2020-07-10T21:25:59.077] [DEBUG] cheese - null
[2020-07-10T21:42:43.328] [DEBUG] cheese - login => username:admin,password:123456
[2020-07-10T21:42:43.328] [DEBUG] cheese - admin
[2020-07-10T21:42:43.331] [DEBUG] cheese - null
[2020-07-10T21:42:43.331] [DEBUG] cheese - null
[2020-07-10T21:55:52.318] [DEBUG] cheese - login => username:admin,password:123456
[2020-07-10T21:55:52.318] [DEBUG] cheese - admin
[2020-07-10T21:55:52.323] [DEBUG] cheese - null
[2020-07-10T21:55:52.323] [DEBUG] cheese - null
[2020-07-10T21:56:46.230] [DEBUG] cheese - login => username:admin,password:123456
[2020-07-10T21:56:46.230] [DEBUG] cheese - admin
[2020-07-10T21:56:46.233] [DEBUG] cheese - null
[2020-07-10T21:56:46.233] [DEBUG] cheese - null
[2020-07-10T21:58:06.390] [DEBUG] cheese - login => username:admin,password:123456
[2020-07-10T21:58:06.390] [DEBUG] cheese - admin
[2020-07-10T21:58:06.393] [DEBUG] cheese - null
[2020-07-10T21:58:06.393] [DEBUG] cheese - null
[2020-07-10T21:58:57.053] [DEBUG] cheese - login => username:admin,password:123456
[2020-07-10T21:58:57.054] [DEBUG] cheese - admin
[2020-07-10T21:58:57.057] [DEBUG] cheese - null
[2020-07-10T21:58:57.057] [DEBUG] cheese - null
[2020-07-10T22:34:37.120] [DEBUG] cheese - login => username:admin,password:123456
[2020-07-10T22:34:37.120] [DEBUG] cheese - admin
[2020-07-10T22:34:37.123] [DEBUG] cheese - null
[2020-07-10T22:34:37.123] [DEBUG] cheese - null
[2020-07-10T22:34:48.267] [DEBUG] cheese - login => username:admin,password:123456
[2020-07-10T22:34:48.267] [DEBUG] cheese - admin
[2020-07-10T22:34:48.269] [DEBUG] cheese - null
[2020-07-10T22:34:48.269] [DEBUG] cheese - null
[2020-07-10T22:34:57.417] [DEBUG] cheese - login => username:admin,password:123456
[2020-07-10T22:34:57.417] [DEBUG] cheese - admin
[2020-07-10T22:34:57.419] [DEBUG] cheese - null
[2020-07-10T22:34:57.419] [DEBUG] cheese - null
[2020-07-10T22:35:09.466] [DEBUG] cheese - login => username:admin,password:123456
[2020-07-10T22:35:09.466] [DEBUG] cheese - admin
[2020-07-10T22:35:09.467] [DEBUG] cheese - null
[2020-07-10T22:35:09.467] [DEBUG] cheese - null
[2020-07-11T10:11:48.832] [DEBUG] cheese - login => username:admin,password:123456
[2020-07-11T10:11:48.834] [DEBUG] cheese - admin
[2020-07-11T10:11:48.894] [DEBUG] cheese - null
[2020-07-11T10:11:48.895] [DEBUG] cheese - null
[2020-07-11T10:35:02.163] [DEBUG] cheese - login => username:admin,password:123456
[2020-07-11T10:35:02.163] [DEBUG] cheese - admin
[2020-07-11T10:35:02.166] [DEBUG] cheese - null
[2020-07-11T10:35:02.167] [DEBUG] cheese - null
[2020-07-11T10:48:28.394] [DEBUG] cheese - login => username:admin,password:123456
[2020-07-11T10:48:28.394] [DEBUG] cheese - admin
[2020-07-11T10:48:28.397] [DEBUG] cheese - null
[2020-07-11T10:48:28.397] [DEBUG] cheese - null
[2020-07-11T10:56:13.119] [DEBUG] cheese - login => username:admin,password:123456
[2020-07-11T10:56:13.120] [DEBUG] cheese - admin
[2020-07-11T10:56:13.121] [DEBUG] cheese - null
[2020-07-11T10:56:13.122] [DEBUG] cheese - null
[2020-07-11T10:56:23.760] [DEBUG] cheese - login => username:admin,password:123456
[2020-07-11T10:56:23.760] [DEBUG] cheese - admin
[2020-07-11T10:56:23.762] [DEBUG] cheese - null
[2020-07-11T10:56:23.762] [DEBUG] cheese - null
[2020-07-11T17:36:57.070] [DEBUG] cheese - login => username:admin,password:123456
[2020-07-11T17:36:57.070] [DEBUG] cheese - admin
[2020-07-11T17:36:57.072] [DEBUG] cheese - null
[2020-07-11T17:36:57.072] [DEBUG] cheese - null
[2020-07-11T20:42:37.308] [DEBUG] cheese - login => username:admin,password:123456
[2020-07-11T20:42:37.308] [DEBUG] cheese - admin
[2020-07-11T20:42:37.311] [DEBUG] cheese - null
[2020-07-11T20:42:37.311] [DEBUG] cheese - null
[2020-07-12T10:53:20.034] [DEBUG] cheese - login => username:admin,password:123456
[2020-07-12T10:53:20.035] [DEBUG] cheese - admin
[2020-07-12T10:53:20.046] [DEBUG] cheese - null
[2020-07-12T10:53:20.047] [DEBUG] cheese - null
[2020-07-12T13:12:56.090] [DEBUG] cheese - null
[2020-07-12T13:13:21.788] [DEBUG] cheese - null
[2020-07-12T13:13:57.917] [DEBUG] cheese - null
[2020-07-12T14:12:13.017] [DEBUG] cheese - login => username:admin,password:123456
[2020-07-12T14:12:13.018] [DEBUG] cheese - admin
[2020-07-12T14:12:13.071] [DEBUG] cheese - null
[2020-07-12T14:12:13.071] [DEBUG] cheese - null
[2020-07-12T14:22:13.300] [DEBUG] cheese - null
[2020-07-12T14:26:29.144] [DEBUG] cheese - null
[2020-07-12T14:30:34.800] [DEBUG] cheese - null
[2020-07-12T14:30:38.744] [DEBUG] cheese - null
[2020-07-12T17:20:19.197] [DEBUG] cheese - null
[2020-07-12T19:42:42.581] [DEBUG] cheese - login => username:admin,password:123456
[2020-07-12T19:42:42.582] [DEBUG] cheese - admin
[2020-07-12T19:42:42.590] [DEBUG] cheese - null
[2020-07-12T19:42:42.591] [DEBUG] cheese - null
[2020-07-12T20:20:36.332] [DEBUG] cheese - login => username:admin,password:123456
[2020-07-12T20:20:36.333] [DEBUG] cheese - admin
[2020-07-12T20:20:36.341] [DEBUG] cheese - null
[2020-07-12T20:20:36.341] [DEBUG] cheese - null
[2020-07-12T20:29:00.629] [DEBUG] cheese - login => username:admin,password:123456
[2020-07-12T20:29:00.629] [DEBUG] cheese - admin
[2020-07-12T20:29:00.631] [DEBUG] cheese - null
[2020-07-12T20:29:00.631] [DEBUG] cheese - null
[2020-07-13T09:16:29.675] [DEBUG] cheese - login => username:admin,password:123456
[2020-07-13T09:16:29.676] [DEBUG] cheese - admin
[2020-07-13T09:16:34.334] [DEBUG] cheese - login => username:admin,password:123456
[2020-07-13T09:16:34.334] [DEBUG] cheese - admin
[2020-07-13T09:16:35.545] [DEBUG] cheese - null
[2020-07-13T09:16:35.545] [DEBUG] cheese - null
[2020-07-13T09:16:35.660] [DEBUG] cheese - null
[2020-07-13T09:16:35.661] [DEBUG] cheese - null
